<?xml version="1.0" encoding="UTF-8"?>
<testsuite xmlns:xsi="http://www.w3.org/2001/XMLSchema-instance" xsi:noNamespaceSchemaLocation="https://maven.apache.org/surefire/maven-surefire-plugin/xsd/surefire-test-report-3.0.xsd" version="3.0" name="project.werewolf.WerewolfApplicationTests" time="2.31" tests="1" errors="0" skipped="0" failures="0">
  <properties>
[...]
</properties>
  <testcase name="contextLoads" classname="project.werewolf.WerewolfApplicationTests" time="0.699">
    <system-out><![CDATA[19:57:35.125 [main] INFO org.springframework.test.context.support.AnnotationConfigContextLoaderUtils -- Could not detect default configuration classes for test class [project.werewolf.WerewolfApplicationTests]: WerewolfApplicationTests does not declare any static, non-private, non-final, nested classes annotated with @Configuration.
19:57:35.220 [main] INFO org.springframework.boot.test.context.SpringBootTestContextBootstrapper -- Found @SpringBootConfiguration project.werewolf.WerewolfApplication for test class project.werewolf.WerewolfApplicationTests

  .   ____          _            __ _ _
 /\\ / ___'_ __ _ _(_)_ __  __ _ \ \ \ \
( ( )\___ | '_ | '_| | '_ \/ _` | \ \ \ \
 \\/  ___)| |_)| | | | | || (_| |  ) ) ) )
  '  |____| .__|_| |_|_| |_\__, | / / / /
 =========|_|==============|___/=/_/_/_/
 :: Spring Boot ::                (v3.1.4)

2023-10-18T19:57:35.532+07:00  INFO 7676 --- [           main] p.werewolf.WerewolfApplicationTests      : Starting WerewolfApplicationTests using Java 18.0.2 with PID 7676 (started by Admin in D:\Maven\werewolf-api)
2023-10-18T19:57:35.534+07:00  INFO 7676 --- [           main] p.werewolf.WerewolfApplicationTests      : No active profile set, falling back to 1 default profile: "default"
2023-10-18T19:57:36.587+07:00  INFO 7676 --- [           main] p.werewolf.WerewolfApplicationTests      : Started WerewolfApplicationTests in 1.239 seconds (process running for 2.062)
]]></system-out>
  </testcase>
</testsuite>